MULTERMIDIA
Servidor rodando na porta 6890
Conectado ao MongoDB!
gagaProd 12345
ngrok túnel aberto em: https://68d7-2804-90-6400-81f4-ede9-dc15-7430-3e3d.ngrok-free.app
{
  _id: new ObjectId('67dd4c62a43d620ced89844a'),
  username: 'gagaProd',
  email: 'gabrileao38@gmail.com',
  password: '$2a$10$DieGWhzB0dikwPc0GFwCdeAT91pcS2U8HgN5hOmjE3XaFpC0Ex0/W',
  confirmPassword: '$2a$10$.sF7hvmDzGMkGllw5Ii2m.pb.D7Hr5N0YWt5ddbZz8lJt2i8sFOjO',
  loogedFirstTime: false,
  role: 1,
  instaAccounts: [
    {
      username: 'fiora_ofc',
      password: '%%webner23Webner%%',
      _id: new ObjectId('67dda552c6286254619fb0a6')
    },
    {
      username: 'companystreet58',
      password: '**garrafa0101Garrafa**',
      _id: new ObjectId('67dfa27eed13fc5f905b04b6')
    }
  ],
  sessions: [
    {
      session: '{"cookies":"{\\"version\\":\\"tough-cookie@2.5.0\\",\\"storeType\\":\\"MemoryCookieStore\\",\\"rejectPublicSuffixes\\":true,\\"cookies\\":[]}","supportedCapabilities":[{"name":"SUPPORTED_SDK_VERSIONS","value":"13.0,14.0,15.0,16.0,17.0,18.0,19.0,20.0,21.0,22.0,23.0,24.0,25.0,26.0,27.0,28.0,29.0,30.0,31.0,32.0,33.0,34.0,35.0,36.0,37.0,38.0,39.0,40.0,41.0,42.0,43.0,44.0,45.0,46.0,47.0,48.0,49.0,50.0,51.0,52.0,53.0,54.0,55.0,56.0,57.0,58.0,59.0,60.0,61.0,62.0,63.0,64.0,65.0,66.0"},{"name":"FACE_TRACKER_VERSION","value":12},{"name":"segmentation","value":"segmentation_enabled"},{"name":"COMPRESSION","value":"ETC2_COMPRESSION"},{"name":"world_tracker","value":"world_tracker_enabled"},{"name":"gyroscope","value":"gyroscope_enabled"}],"language":"en_US","timezoneOffset":"-10800","radioType":"wifi-none","capabilitiesHeader":"3brTv10=","connectionTypeHeader":"WIFI","isLayoutRTL":false,"adsOptOut":false,"thumbnailCacheBustingValue":1000,"clientSessionIdLifetime":1200000,"pigeonSessionIdLifetime":1200000,"deviceString":"26/8.0.0; 480dpi; 1080x2038; HUAWEI/HONOR; BND-L21; HWBND-H; hi6250","deviceId":"android-9fd5e2965138fa20","uuid":"ebae3a47-7bf7-5a08-bb09-34560800196e","phoneId":"1b8cc66b-ff8d-5e2c-9642-7d349bfcc29f","adid":"a46c1cc0-0f44-506d-8729-5c9826927fd8","build":"N2G48C","passwordEncryptionKeyId":"108","passwordEncryptionPubKey":"LS0tLS1CRUdJTiBQVUJMSUMgS0VZLS0tLS0KTUlJQklqQU5CZ2txaGtpRzl3MEJBUUVGQUFPQ0FROEFNSUlCQ2dLQ0FRRUF3VjNjdXdPUlY4Ri9ueEZGTStETwp2SGJmRzJKaVN6MForN0ZmcGZuaGNvY3A0WCtwc1plRHl0Z2Z3d3V2NHl6ZUxVRm15QlNQdEdTd1V5Zm93RkgwClRBN3ozZkYyU1V3RDZZWVNlOGprZ09tTzU4czEzQitvR3ZuOFlwVGFXY240R3N6Vk5SV2xubzZ6bjNqa3hnTGYKbTZqUmhqQTAzaXJoQmhhczJpN0RjNW81MXFJZTh0cmo0alZLbzVzSVh4aWtKalk2V2dhbzRPeHBUMis4ekNGaAppMS9Lby9GOGQyeHRuN2dxTXlSQzVaakhheTNIZlE3c0hUTlZjYXhUWlhlRlpMbWVxMXJqR2xOTFB4OTV4MlRWCkRoY0tXODdtWFhwc3ptbVh1NGc1VG5KbXJtSU1wMVpYVUs4VFJ5RW9BdnhBellQQjloWW16R252SmFzanhzdlYKMVFJREFRQUIKLS0tLS1FTkQgUFVCTElDIEtFWS0tLS0tCg==","igWWWClaim":"hmac.AR0Y3BW2oFUvw3qyb9VD-oyreGOk4CUfBnftvLYf_9ywrsf2","authorization":"Bearer IGT:2:eyJkc191c2VyX2lkIjoiMjkyMjUxMzA2NzAiLCJzZXNzaW9uaWQiOiIyOTIyNTEzMDY3MCUzQWI2OGNWcnJaR0c1QXREJTNBMTglM0FBWWNqMnJmX05Ed2tybUdBdW1Ta0JZWXZPRktqQ0NDQnFsY2h3RGI1U1EifQ=="}',
      username: 'fiora_ofc',
      _id: new ObjectId('67dda552c6286254619fb0a8')
    },
    {
      session: '{"cookies":"{\\"version\\":\\"tough-cookie@2.5.0\\",\\"storeType\\":\\"MemoryCookieStore\\",\\"rejectPublicSuffixes\\":true,\\"cookies\\":[]}","supportedCapabilities":[{"name":"SUPPORTED_SDK_VERSIONS","value":"13.0,14.0,15.0,16.0,17.0,18.0,19.0,20.0,21.0,22.0,23.0,24.0,25.0,26.0,27.0,28.0,29.0,30.0,31.0,32.0,33.0,34.0,35.0,36.0,37.0,38.0,39.0,40.0,41.0,42.0,43.0,44.0,45.0,46.0,47.0,48.0,49.0,50.0,51.0,52.0,53.0,54.0,55.0,56.0,57.0,58.0,59.0,60.0,61.0,62.0,63.0,64.0,65.0,66.0"},{"name":"FACE_TRACKER_VERSION","value":12},{"name":"segmentation","value":"segmentation_enabled"},{"name":"COMPRESSION","value":"ETC2_COMPRESSION"},{"name":"world_tracker","value":"world_tracker_enabled"},{"name":"gyroscope","value":"gyroscope_enabled"}],"language":"en_US","timezoneOffset":"-10800","radioType":"wifi-none","capabilitiesHeader":"3brTv10=","connectionTypeHeader":"WIFI","isLayoutRTL":false,"adsOptOut":false,"thumbnailCacheBustingValue":1000,"clientSessionIdLifetime":1200000,"pigeonSessionIdLifetime":1200000,"deviceString":"26/8.0.0; 480dpi; 1080x2038; HUAWEI/HONOR; BND-L21; HWBND-H; hi6250","deviceId":"android-9fd5e2965138fa20","uuid":"ebae3a47-7bf7-5a08-bb09-34560800196e","phoneId":"1b8cc66b-ff8d-5e2c-9642-7d349bfcc29f","adid":"a46c1cc0-0f44-506d-8729-5c9826927fd8","build":"N2G48C","passwordEncryptionKeyId":"109","passwordEncryptionPubKey":"LS0tLS1CRUdJTiBQVUJMSUMgS0VZLS0tLS0KTUlJQklqQU5CZ2txaGtpRzl3MEJBUUVGQUFPQ0FROEFNSUlCQ2dLQ0FRRUF5U1ZqUGN4K2NCOFljKzBTR1VucApmMTh5WHBwOW9NRHB0czFvaHZxS0JhSkJ6b3hpMENuUERhNkU4a1ZiQVh4YTNFSUh5Rmg1a08rSG91ZEVvQzNCCmdiL2VOZFNpc1h0R21BR2hwOWJ5U2FpR0p2ZjFvTUwzV2dlcm8xS0RHTjFmSko4dVh5OUpYSzYwY3BjZmxpekEKdTRDRENiVTVPa1J6Z0N3VVJvMCszdzZwelE4Yld0dXRCUzR5ZjlxSWRpS09QaGt6Zk1vNmdvVzh4UW1MWGVpQwovejFudkgvWGR1bHg2WDdDQmdHbXM1anRISEw4RXBVdDkvVTB6Rzg4U0RKSEw0UWd2NGRYcW56QVBSZWYzaE96CmxkU1ZXbjNUYkU0cmszMTJQQU5veDdVVjg1Y3p0LzRZK0VRZHdMSXBlSUxZaXNWVkgybmF4Z2xEcmFsT21EUFMKL1FJREFRQUIKLS0tLS1FTkQgUFVCTElDIEtFWS0tLS0tCg==","igWWWClaim":"hmac.AR3_hXp1zwWHVoKHsrD7018uf4V8CLm4SLZ6gRfPZPVrz0wb","authorization":"Bearer IGT:2:eyJkc191c2VyX2lkIjoiNjM2OTU0MTY2MjMiLCJzZXNzaW9uaWQiOiI2MzY5NTQxNjYyMyUzQUVWazRlOEtVNFRSU2hDJTNBMTElM0FBWWNkZVR4LVZiVzlPcFNid1kxNFRPcUlmR05pbEx5aXVZODUwZzVHYWcifQ=="}',
      username: 'companystreet58',
      _id: new ObjectId('67dfa27eed13fc5f905b04b8')
    }
  ],
  preferences: {
    useLargerIntervals: false,
    notificationsEnabled: false,
    useDefaultQuants: true,
    sendDefault: 1,
    sendLimit: 10,
    attemptLimit: 5,
    _id: new ObjectId('67dd4c62a43d620ced89844b')
  },
  __v: 64,
  connectionUrl: 'https://0749-2804-90-6400-81f4-ede9-dc15-7430-3e3d.ngrok-free.app'
} {
  _id: new ObjectId('67dd4c62a43d620ced89844a'),
  username: 'gagaProd',
  userImage: undefined,
  instaAccounts: [
    {
      username: 'fiora_ofc',
      password: '%%webner23Webner%%',
      _id: new ObjectId('67dda552c6286254619fb0a6')
    },
    {
      username: 'companystreet58',
      password: '**garrafa0101Garrafa**',
      _id: new ObjectId('67dfa27eed13fc5f905b04b6')
    }
  ]
}
Resposta do servidor localhost 5500: { message: 'Conexão da API local salva com sucesso!' }
Sessão carregada para o usuário fiora_ofc
Usuários divididos em 1 lotes de até 2 usuários.
usernames [ 'zebpowelll' ]
Processando lote...
TESTESESSION, linha 19:  zebpowelll
Seguindo usuário zebpowelll (ID: 336252472) - Resposta: [Object: null prototype] {
  blocking: false,
  followed_by: false,
  following: true,
  incoming_request: false,
  is_bestie: false,
  is_eligible_to_subscribe: false,
  is_feed_favorite: false,
  is_restricted: false,
  outgoing_request: false,
  subscribed: false,
  is_private: false,
  muting: false
}
Todos os lotes foram processados com sucesso.
Sessão carregada para o usuário fiora_ofc
Usuários divididos em 1 lotes de até 2 usuários.
Processando lote...
Deixando de seguir usuário zebpowelll (ID: 336252472) - Resposta: [Object: null prototype] {
  blocking: false,
  followed_by: false,
  following: false,
  incoming_request: false,
  is_bestie: false,
  is_eligible_to_subscribe: false,
  is_feed_favorite: false,
  is_restricted: false,
  outgoing_request: false,
  subscribed: false,
  is_private: false,
  muting: false
}
Todos os lotes foram processados com sucesso.
Realizando relogin para a conta:  companystreet58
Realizando relogin para a conta:  companystreet58
Sessão para o usuário companystreet58 atualizada com sucesso.
gagaProd 12345
ngrok túnel aberto em: https://d588-2804-90-6400-81f4-ede9-dc15-7430-3e3d.ngrok-free.app
{
  _id: new ObjectId('67dd4c62a43d620ced89844a'),
  username: 'gagaProd',
  email: 'gabrileao38@gmail.com',
  password: '$2a$10$DieGWhzB0dikwPc0GFwCdeAT91pcS2U8HgN5hOmjE3XaFpC0Ex0/W',
  confirmPassword: '$2a$10$.sF7hvmDzGMkGllw5Ii2m.pb.D7Hr5N0YWt5ddbZz8lJt2i8sFOjO',
  loogedFirstTime: false,
  role: 1,
  instaAccounts: [
    {
      username: 'fiora_ofc',
      password: '%%webner23Webner%%',
      _id: new ObjectId('67dda552c6286254619fb0a6')
    },
    {
      username: 'companystreet58',
      password: '**garrafa0101Garrafa**',
      _id: new ObjectId('67dfa27eed13fc5f905b04b6')
    }
  ],
  sessions: [
    {
      session: '{"cookies":"{\\"version\\":\\"tough-cookie@2.5.0\\",\\"storeType\\":\\"MemoryCookieStore\\",\\"rejectPublicSuffixes\\":true,\\"cookies\\":[]}","supportedCapabilities":[{"name":"SUPPORTED_SDK_VERSIONS","value":"13.0,14.0,15.0,16.0,17.0,18.0,19.0,20.0,21.0,22.0,23.0,24.0,25.0,26.0,27.0,28.0,29.0,30.0,31.0,32.0,33.0,34.0,35.0,36.0,37.0,38.0,39.0,40.0,41.0,42.0,43.0,44.0,45.0,46.0,47.0,48.0,49.0,50.0,51.0,52.0,53.0,54.0,55.0,56.0,57.0,58.0,59.0,60.0,61.0,62.0,63.0,64.0,65.0,66.0"},{"name":"FACE_TRACKER_VERSION","value":12},{"name":"segmentation","value":"segmentation_enabled"},{"name":"COMPRESSION","value":"ETC2_COMPRESSION"},{"name":"world_tracker","value":"world_tracker_enabled"},{"name":"gyroscope","value":"gyroscope_enabled"}],"language":"en_US","timezoneOffset":"-10800","radioType":"wifi-none","capabilitiesHeader":"3brTv10=","connectionTypeHeader":"WIFI","isLayoutRTL":false,"adsOptOut":false,"thumbnailCacheBustingValue":1000,"clientSessionIdLifetime":1200000,"pigeonSessionIdLifetime":1200000,"deviceString":"26/8.0.0; 480dpi; 1080x2038; HUAWEI/HONOR; BND-L21; HWBND-H; hi6250","deviceId":"android-9fd5e2965138fa20","uuid":"ebae3a47-7bf7-5a08-bb09-34560800196e","phoneId":"1b8cc66b-ff8d-5e2c-9642-7d349bfcc29f","adid":"a46c1cc0-0f44-506d-8729-5c9826927fd8","build":"N2G48C","passwordEncryptionKeyId":"108","passwordEncryptionPubKey":"LS0tLS1CRUdJTiBQVUJMSUMgS0VZLS0tLS0KTUlJQklqQU5CZ2txaGtpRzl3MEJBUUVGQUFPQ0FROEFNSUlCQ2dLQ0FRRUF3VjNjdXdPUlY4Ri9ueEZGTStETwp2SGJmRzJKaVN6MForN0ZmcGZuaGNvY3A0WCtwc1plRHl0Z2Z3d3V2NHl6ZUxVRm15QlNQdEdTd1V5Zm93RkgwClRBN3ozZkYyU1V3RDZZWVNlOGprZ09tTzU4czEzQitvR3ZuOFlwVGFXY240R3N6Vk5SV2xubzZ6bjNqa3hnTGYKbTZqUmhqQTAzaXJoQmhhczJpN0RjNW81MXFJZTh0cmo0alZLbzVzSVh4aWtKalk2V2dhbzRPeHBUMis4ekNGaAppMS9Lby9GOGQyeHRuN2dxTXlSQzVaakhheTNIZlE3c0hUTlZjYXhUWlhlRlpMbWVxMXJqR2xOTFB4OTV4MlRWCkRoY0tXODdtWFhwc3ptbVh1NGc1VG5KbXJtSU1wMVpYVUs4VFJ5RW9BdnhBellQQjloWW16R252SmFzanhzdlYKMVFJREFRQUIKLS0tLS1FTkQgUFVCTElDIEtFWS0tLS0tCg==","igWWWClaim":"hmac.AR0Y3BW2oFUvw3qyb9VD-oyreGOk4CUfBnftvLYf_9ywrsf2","authorization":"Bearer IGT:2:eyJkc191c2VyX2lkIjoiMjkyMjUxMzA2NzAiLCJzZXNzaW9uaWQiOiIyOTIyNTEzMDY3MCUzQWI2OGNWcnJaR0c1QXREJTNBMTglM0FBWWNqMnJmX05Ed2tybUdBdW1Ta0JZWXZPRktqQ0NDQnFsY2h3RGI1U1EifQ=="}',
      username: 'fiora_ofc',
      _id: new ObjectId('67dda552c6286254619fb0a8')
    },
    {
      session: '{"cookies":"{\\"version\\":\\"tough-cookie@2.5.0\\",\\"storeType\\":\\"MemoryCookieStore\\",\\"rejectPublicSuffixes\\":true,\\"cookies\\":[]}","supportedCapabilities":[{"name":"SUPPORTED_SDK_VERSIONS","value":"13.0,14.0,15.0,16.0,17.0,18.0,19.0,20.0,21.0,22.0,23.0,24.0,25.0,26.0,27.0,28.0,29.0,30.0,31.0,32.0,33.0,34.0,35.0,36.0,37.0,38.0,39.0,40.0,41.0,42.0,43.0,44.0,45.0,46.0,47.0,48.0,49.0,50.0,51.0,52.0,53.0,54.0,55.0,56.0,57.0,58.0,59.0,60.0,61.0,62.0,63.0,64.0,65.0,66.0"},{"name":"FACE_TRACKER_VERSION","value":12},{"name":"segmentation","value":"segmentation_enabled"},{"name":"COMPRESSION","value":"ETC2_COMPRESSION"},{"name":"world_tracker","value":"world_tracker_enabled"},{"name":"gyroscope","value":"gyroscope_enabled"}],"language":"en_US","timezoneOffset":"-10800","radioType":"wifi-none","capabilitiesHeader":"3brTv10=","connectionTypeHeader":"WIFI","isLayoutRTL":false,"adsOptOut":false,"thumbnailCacheBustingValue":1000,"clientSessionIdLifetime":1200000,"pigeonSessionIdLifetime":1200000,"deviceString":"26/8.0.0; 480dpi; 1080x2038; HUAWEI/HONOR; BND-L21; HWBND-H; hi6250","deviceId":"android-9fd5e2965138fa20","uuid":"ebae3a47-7bf7-5a08-bb09-34560800196e","phoneId":"1b8cc66b-ff8d-5e2c-9642-7d349bfcc29f","adid":"a46c1cc0-0f44-506d-8729-5c9826927fd8","build":"N2G48C","passwordEncryptionKeyId":"110","passwordEncryptionPubKey":"LS0tLS1CRUdJTiBQVUJMSUMgS0VZLS0tLS0KTUlJQklqQU5CZ2txaGtpRzl3MEJBUUVGQUFPQ0FROEFNSUlCQ2dLQ0FRRUF4Z3F2NHBhbHkzN1VjOVhKeFBDOQpMMGZOYnFMTGF4M0k0blZiQWNXSkNta1BhS25wdmdvY1BGZVFTUVB6WEFYRzVmam4zQXhSZDRyS0MwSUpGRHlqCmFQdlRVaXNiNGM4THpLVElXdEFNS3BLYnZzVHduUjVjTE0xN1hvYlE5NTFxVGl2REFMUzc4b21wV050dVFrTGEKKzJjNVBGSTRpR1VVSXdha3M5bUpwRVB4M1M3OVoxVUpCQTlhSGxrQnBBWXpaRTVpb3dZZG1NRzEzTFlMMENvWgp6RUxFcGpCZkhBbC9RWCtwaE5MMlBWR2VXN0FhK3lkOUhFajJiR3I1MFZMaDhPZUpuRXE4OHRWTUh1VVRSVjlqCjFUQ3lEMENvbWFoR1J0cmdOdjlhKzFOQUFZcnZyMno2Wnh2SjJMSnNXeDlLVG5pei9mSmJaMU5OalJZWEhvNGYKa1FJREFRQUIKLS0tLS1FTkQgUFVCTElDIEtFWS0tLS0tCg==","igWWWClaim":"hmac.AR3_hXp1zwWHVoKHsrD7018uf4V8CLm4SLZ6gRfPZPVrz0YD","authorization":"Bearer IGT:2:eyJkc191c2VyX2lkIjoiNjM2OTU0MTY2MjMiLCJzZXNzaW9uaWQiOiI2MzY5NTQxNjYyMyUzQTFhVmplRm83M2pUUUVnJTNBMjIlM0FBWWRuemZSdnFlNkNSY2NfNEhCZEw4Q05NZWhReXl5N1ZpaEdmcDNpaWcifQ=="}',
      username: 'companystreet58',
      _id: new ObjectId('67dfa27eed13fc5f905b04b8')
    }
  ],
  preferences: {
    useLargerIntervals: false,
    notificationsEnabled: false,
    useDefaultQuants: true,
    sendDefault: 1,
    sendLimit: 10,
    attemptLimit: 5,
    _id: new ObjectId('67dd4c62a43d620ced89844b')
  },
  __v: 64,
  connectionUrl: 'https://68d7-2804-90-6400-81f4-ede9-dc15-7430-3e3d.ngrok-free.app'
} {
  _id: new ObjectId('67dd4c62a43d620ced89844a'),
  username: 'gagaProd',
  userImage: undefined,
  instaAccounts: [
    {
      username: 'fiora_ofc',
      password: '%%webner23Webner%%',
      _id: new ObjectId('67dda552c6286254619fb0a6')
    },
    {
      username: 'companystreet58',
      password: '**garrafa0101Garrafa**',
      _id: new ObjectId('67dfa27eed13fc5f905b04b6')
    }
  ]
}
Resposta do servidor localhost 5500: { message: 'Conexão da API local salva com sucesso!' }
Sessão carregada para o usuário companystreet58
Usuários divididos em 1 lotes de até 2 usuários.
usernames [ 'zebpowelll' ]
Processando lote...
TESTESESSION, linha 19:  zebpowelll
Seguindo usuário zebpowelll (ID: 336252472) - Resposta: [Object: null prototype] {
  blocking: false,
  followed_by: false,
  following: true,
  incoming_request: false,
  is_bestie: false,
  is_eligible_to_subscribe: false,
  is_feed_favorite: false,
  is_restricted: false,
  outgoing_request: false,
  subscribed: false,
  is_private: false,
  muting: false
}
Todos os lotes foram processados com sucesso.
Sessão carregada para o usuário companystreet58
Usuários divididos em 1 lotes de até 2 usuários.
usernames [ 'zebpowelll' ]
Processando lote...
TESTESESSION, linha 19:  zebpowelll
Seguindo usuário zebpowelll (ID: 336252472) - Resposta: [Object: null prototype] {
  blocking: false,
  followed_by: false,
  following: true,
  incoming_request: false,
  is_bestie: false,
  is_eligible_to_subscribe: false,
  is_feed_favorite: false,
  is_restricted: false,
  outgoing_request: false,
  subscribed: false,
  is_private: false,
  muting: false
}
Todos os lotes foram processados com sucesso.
Sessão carregada para o usuário fiora_ofc
Usuários divididos em 1 lotes de até 2 usuários.
usernames [ 'zebpowelll' ]
Processando lote...
TESTESESSION, linha 19:  zebpowelll
Seguindo usuário zebpowelll (ID: 336252472) - Resposta: [Object: null prototype] {
  blocking: false,
  followed_by: false,
  following: true,
  incoming_request: false,
  is_bestie: false,
  is_eligible_to_subscribe: false,
  is_feed_favorite: false,
  is_restricted: false,
  outgoing_request: false,
  subscribed: false,
  is_private: false,
  muting: false
}
Todos os lotes foram processados com sucesso.
Sessão carregada para o usuário companystreet58
Usuários divididos em 1 lotes de até 2 usuários.
usernames [ 'zebpowelll' ]
Processando lote...
TESTESESSION, linha 19:  zebpowelll
Seguindo usuário zebpowelll (ID: 336252472) - Resposta: [Object: null prototype] {
  blocking: false,
  followed_by: false,
  following: true,
  incoming_request: false,
  is_bestie: false,
  is_eligible_to_subscribe: false,
  is_feed_favorite: false,
  is_restricted: false,
  outgoing_request: false,
  subscribed: false,
  is_private: false,
  muting: false
}
Todos os lotes foram processados com sucesso.
Sessão carregada para o usuário fiora_ofc
Curtindo a publicação 3576543484883619059_505182045, de code: DGib1mkOczz
Todos os lotes foram processados com sucesso.
Sessão carregada para o usuário companystreet58
Curtindo a publicação 3576543484883619059_505182045, de code: DGib1mkOczz
Todos os lotes foram processados com sucesso.
Sessão carregada para o usuário fiora_ofc
Curtindo a publicação 3594964879911635874_173560420, de code: DHj4YLnI0ui
Todos os lotes foram processados com sucesso.
Sessão carregada para o usuário companystreet58
ERRO NA AÇÃO DO SERVIÇO:  GET /api/v1/users/search/?timezone_offset=-10800&q=cristiano&count=30 - 403 Forbidden; login_required
Sessão carregada para o usuário fiora_ofc
Usuários divididos em 1 lotes de até 2 usuários.
usernames [ 'cristiano' ]
Processando lote...
TESTESESSION, linha 19:  cristiano
Seguindo usuário cristiano (ID: 173560420) - Resposta: [Object: null prototype] {
  blocking: false,
  followed_by: false,
  following: true,
  incoming_request: false,
  is_bestie: false,
  is_eligible_to_subscribe: false,
  is_feed_favorite: false,
  is_restricted: false,
  outgoing_request: false,
  subscribed: false,
  is_private: false,
  muting: false
}
Todos os lotes foram processados com sucesso.
Sessão carregada para o usuário companystreet58
Usuários divididos em 1 lotes de até 2 usuários.
usernames [ 'cristiano' ]
Processando lote...
TESTESESSION, linha 19:  cristiano
ERRO NA AÇÃO DO SERVIÇO:  GET /api/v1/users/search/?timezone_offset=-10800&q=cristiano&count=30 - 403 Forbidden; login_required
Sessão carregada para o usuário companystreet58
Usuários divididos em 1 lotes de até 2 usuários.
usernames [ 'cristiano' ]
Processando lote...
TESTESESSION, linha 19:  cristiano
ERRO NA AÇÃO DO SERVIÇO:  GET /api/v1/users/search/?timezone_offset=-10800&q=cristiano&count=30 - 403 Forbidden; login_required
Sessão carregada para o usuário companystreet58
Usuários divididos em 1 lotes de até 2 usuários.
usernames [ 'cristiano' ]
Processando lote...
TESTESESSION, linha 19:  cristiano
ERRO NA AÇÃO DO SERVIÇO:  GET /api/v1/users/search/?timezone_offset=-10800&q=cristiano&count=30 - 403 Forbidden; login_required
Sessão carregada para o usuário companystreet58
Usuários divididos em 1 lotes de até 2 usuários.
usernames [ 'zebpowelll' ]
Processando lote...
TESTESESSION, linha 19:  zebpowelll
ERRO NA AÇÃO DO SERVIÇO:  GET /api/v1/users/search/?timezone_offset=-10800&q=zebpowelll&count=30 - 403 Forbidden; login_required
Sessão carregada para o usuário companystreet58
Usuários divididos em 1 lotes de até 2 usuários.
usernames [ 'zebpowelll' ]
Processando lote...
TESTESESSION, linha 19:  zebpowelll
ERRO NA AÇÃO DO SERVIÇO:  GET /api/v1/users/search/?timezone_offset=-10800&q=zebpowelll&count=30 - 403 Forbidden; login_required
Sessão carregada para o usuário companystreet58
Usuários divididos em 1 lotes de até 2 usuários.
usernames [ 'zebpowelll' ]
Processando lote...
TESTESESSION, linha 19:  zebpowelll
ERRO NA AÇÃO DO SERVIÇO:  GET /api/v1/users/search/?timezone_offset=-10800&q=zebpowelll&count=30 - 403 Forbidden; login_required
Sessão carregada para o usuário fiora_ofc
Usuários divididos em 1 lotes de até 2 usuários.
usernames [ 'zebpowelll' ]
Processando lote...
TESTESESSION, linha 19:  zebpowelll
Seguindo usuário zebpowelll (ID: 336252472) - Resposta: [Object: null prototype] {
  blocking: false,
  followed_by: false,
  following: true,
  incoming_request: false,
  is_bestie: false,
  is_eligible_to_subscribe: false,
  is_feed_favorite: false,
  is_restricted: false,
  outgoing_request: false,
  subscribed: false,
  is_private: false,
  muting: false
}
Todos os lotes foram processados com sucesso.
Sessão carregada para o usuário fiora_ofc
Usuários divididos em 1 lotes de até 2 usuários.
usernames [ 'zebpowelll' ]
Processando lote...
TESTESESSION, linha 19:  zebpowelll
Seguindo usuário zebpowelll (ID: 336252472) - Resposta: [Object: null prototype] {
  blocking: false,
  followed_by: false,
  following: true,
  incoming_request: false,
  is_bestie: false,
  is_eligible_to_subscribe: false,
  is_feed_favorite: false,
  is_restricted: false,
  outgoing_request: false,
  subscribed: false,
  is_private: false,
  muting: false
}
Todos os lotes foram processados com sucesso.
Sessão carregada para o usuário fiora_ofc
Usuários divididos em 1 lotes de até 2 usuários.
usernames [ 'zebpowelll' ]
Processando lote...
TESTESESSION, linha 19:  zebpowelll
Seguindo usuário zebpowelll (ID: 336252472) - Resposta: [Object: null prototype] {
  blocking: false,
  followed_by: false,
  following: true,
  incoming_request: false,
  is_bestie: false,
  is_eligible_to_subscribe: false,
  is_feed_favorite: false,
  is_restricted: false,
  outgoing_request: false,
  subscribed: false,
  is_private: false,
  muting: false
}
Todos os lotes foram processados com sucesso.
Realizando relogin para a conta:  companystreet58
Sessão para o usuário companystreet58 atualizada com sucesso.
Sessão carregada para o usuário fiora_ofc
Usuários divididos em 1 lotes de até 2 usuários.
usernames [ 'cristiano' ]
Processando lote...
TESTESESSION, linha 19:  cristiano
Seguindo usuário cristiano (ID: 173560420) - Resposta: [Object: null prototype] {
  blocking: false,
  followed_by: false,
  following: true,
  incoming_request: false,
  is_bestie: false,
  is_eligible_to_subscribe: false,
  is_feed_favorite: false,
  is_restricted: false,
  outgoing_request: false,
  subscribed: false,
  is_private: false,
  muting: false
}
Todos os lotes foram processados com sucesso.
Sessão carregada para o usuário companystreet58
Usuários divididos em 1 lotes de até 2 usuários.
usernames [ 'cristiano' ]
Processando lote...
TESTESESSION, linha 19:  cristiano
ERRO NA AÇÃO DO SERVIÇO:  GET /api/v1/users/search/?timezone_offset=-10800&q=cristiano&count=30 - 403 Forbidden; login_required
Realizando relogin para a conta:  companystreet58
Sessão para o usuário companystreet58 atualizada com sucesso.
Sessão carregada para o usuário companystreet58
Usuários divididos em 1 lotes de até 2 usuários.
usernames [ 'cristiano' ]
Processando lote...
TESTESESSION, linha 19:  cristiano
Seguindo usuário cristiano (ID: 173560420) - Resposta: [Object: null prototype] {
  blocking: false,
  followed_by: false,
  following: true,
  incoming_request: false,
  is_bestie: false,
  is_eligible_to_subscribe: false,
  is_feed_favorite: false,
  is_restricted: false,
  outgoing_request: false,
  subscribed: false,
  is_private: false,
  muting: false
}
Todos os lotes foram processados com sucesso.
Sessão carregada para o usuário companystreet58
Usuários divididos em 1 lotes de até 2 usuários.
usernames [ 'zebpowelll' ]
Processando lote...
TESTESESSION, linha 19:  zebpowelll
Seguindo usuário zebpowelll (ID: 336252472) - Resposta: [Object: null prototype] {
  blocking: false,
  followed_by: false,
  following: true,
  incoming_request: false,
  is_bestie: false,
  is_eligible_to_subscribe: false,
  is_feed_favorite: false,
  is_restricted: false,
  outgoing_request: false,
  subscribed: false,
  is_private: false,
  muting: false
}
Todos os lotes foram processados com sucesso.
Sessão carregada para o usuário companystreet58
Usuários divididos em 1 lotes de até 2 usuários.
usernames [ 'cristiano' ]
Processando lote...
TESTESESSION, linha 19:  cristiano
Seguindo usuário cristiano (ID: 173560420) - Resposta: [Object: null prototype] {
  blocking: false,
  followed_by: false,
  following: true,
  incoming_request: false,
  is_bestie: false,
  is_eligible_to_subscribe: false,
  is_feed_favorite: false,
  is_restricted: false,
  outgoing_request: false,
  subscribed: false,
  is_private: false,
  muting: false
}
Todos os lotes foram processados com sucesso.
Sessão carregada para o usuário fiora_ofc
Usuários divididos em 1 lotes de até 2 usuários.
usernames [ 'cristiano' ]
Processando lote...
TESTESESSION, linha 19:  cristiano
Seguindo usuário cristiano (ID: 173560420) - Resposta: [Object: null prototype] {
  blocking: false,
  followed_by: false,
  following: true,
  incoming_request: false,
  is_bestie: false,
  is_eligible_to_subscribe: false,
  is_feed_favorite: false,
  is_restricted: false,
  outgoing_request: false,
  subscribed: false,
  is_private: false,
  muting: false
}
Todos os lotes foram processados com sucesso.
Sessão carregada para o usuário fiora_ofc
Curtindo a publicação 3576543484883619059_505182045, de code: DGib1mkOczz
Todos os lotes foram processados com sucesso.
gagaProd 12345
ngrok túnel aberto em: https://5b8f-2804-90-6400-81f4-ede9-dc15-7430-3e3d.ngrok-free.app
{
  _id: new ObjectId('67dd4c62a43d620ced89844a'),
  username: 'gagaProd',
  email: 'gabrileao38@gmail.com',
  password: '$2a$10$DieGWhzB0dikwPc0GFwCdeAT91pcS2U8HgN5hOmjE3XaFpC0Ex0/W',
  confirmPassword: '$2a$10$.sF7hvmDzGMkGllw5Ii2m.pb.D7Hr5N0YWt5ddbZz8lJt2i8sFOjO',
  loogedFirstTime: false,
  role: 1,
  instaAccounts: [
    {
      username: 'fiora_ofc',
      password: '%%webner23Webner%%',
      _id: new ObjectId('67dda552c6286254619fb0a6')
    },
    {
      username: 'companystreet58',
      password: '**garrafa0101Garrafa**',
      _id: new ObjectId('67e09bd298ee5fd1134ad2e0')
    }
  ],
  sessions: [
    {
      session: '{"cookies":"{\\"version\\":\\"tough-cookie@2.5.0\\",\\"storeType\\":\\"MemoryCookieStore\\",\\"rejectPublicSuffixes\\":true,\\"cookies\\":[]}","supportedCapabilities":[{"name":"SUPPORTED_SDK_VERSIONS","value":"13.0,14.0,15.0,16.0,17.0,18.0,19.0,20.0,21.0,22.0,23.0,24.0,25.0,26.0,27.0,28.0,29.0,30.0,31.0,32.0,33.0,34.0,35.0,36.0,37.0,38.0,39.0,40.0,41.0,42.0,43.0,44.0,45.0,46.0,47.0,48.0,49.0,50.0,51.0,52.0,53.0,54.0,55.0,56.0,57.0,58.0,59.0,60.0,61.0,62.0,63.0,64.0,65.0,66.0"},{"name":"FACE_TRACKER_VERSION","value":12},{"name":"segmentation","value":"segmentation_enabled"},{"name":"COMPRESSION","value":"ETC2_COMPRESSION"},{"name":"world_tracker","value":"world_tracker_enabled"},{"name":"gyroscope","value":"gyroscope_enabled"}],"language":"en_US","timezoneOffset":"-10800","radioType":"wifi-none","capabilitiesHeader":"3brTv10=","connectionTypeHeader":"WIFI","isLayoutRTL":false,"adsOptOut":false,"thumbnailCacheBustingValue":1000,"clientSessionIdLifetime":1200000,"pigeonSessionIdLifetime":1200000,"deviceString":"26/8.0.0; 480dpi; 1080x2038; HUAWEI/HONOR; BND-L21; HWBND-H; hi6250","deviceId":"android-9fd5e2965138fa20","uuid":"ebae3a47-7bf7-5a08-bb09-34560800196e","phoneId":"1b8cc66b-ff8d-5e2c-9642-7d349bfcc29f","adid":"a46c1cc0-0f44-506d-8729-5c9826927fd8","build":"N2G48C","passwordEncryptionKeyId":"108","passwordEncryptionPubKey":"LS0tLS1CRUdJTiBQVUJMSUMgS0VZLS0tLS0KTUlJQklqQU5CZ2txaGtpRzl3MEJBUUVGQUFPQ0FROEFNSUlCQ2dLQ0FRRUF3VjNjdXdPUlY4Ri9ueEZGTStETwp2SGJmRzJKaVN6MForN0ZmcGZuaGNvY3A0WCtwc1plRHl0Z2Z3d3V2NHl6ZUxVRm15QlNQdEdTd1V5Zm93RkgwClRBN3ozZkYyU1V3RDZZWVNlOGprZ09tTzU4czEzQitvR3ZuOFlwVGFXY240R3N6Vk5SV2xubzZ6bjNqa3hnTGYKbTZqUmhqQTAzaXJoQmhhczJpN0RjNW81MXFJZTh0cmo0alZLbzVzSVh4aWtKalk2V2dhbzRPeHBUMis4ekNGaAppMS9Lby9GOGQyeHRuN2dxTXlSQzVaakhheTNIZlE3c0hUTlZjYXhUWlhlRlpMbWVxMXJqR2xOTFB4OTV4MlRWCkRoY0tXODdtWFhwc3ptbVh1NGc1VG5KbXJtSU1wMVpYVUs4VFJ5RW9BdnhBellQQjloWW16R252SmFzanhzdlYKMVFJREFRQUIKLS0tLS1FTkQgUFVCTElDIEtFWS0tLS0tCg==","igWWWClaim":"hmac.AR0Y3BW2oFUvw3qyb9VD-oyreGOk4CUfBnftvLYf_9ywrsf2","authorization":"Bearer IGT:2:eyJkc191c2VyX2lkIjoiMjkyMjUxMzA2NzAiLCJzZXNzaW9uaWQiOiIyOTIyNTEzMDY3MCUzQWI2OGNWcnJaR0c1QXREJTNBMTglM0FBWWNqMnJmX05Ed2tybUdBdW1Ta0JZWXZPRktqQ0NDQnFsY2h3RGI1U1EifQ=="}',
      username: 'fiora_ofc',
      _id: new ObjectId('67dda552c6286254619fb0a8')
    },
    {
      session: '{"cookies":"{\\"version\\":\\"tough-cookie@2.5.0\\",\\"storeType\\":\\"MemoryCookieStore\\",\\"rejectPublicSuffixes\\":true,\\"cookies\\":[]}","supportedCapabilities":[{"name":"SUPPORTED_SDK_VERSIONS","value":"13.0,14.0,15.0,16.0,17.0,18.0,19.0,20.0,21.0,22.0,23.0,24.0,25.0,26.0,27.0,28.0,29.0,30.0,31.0,32.0,33.0,34.0,35.0,36.0,37.0,38.0,39.0,40.0,41.0,42.0,43.0,44.0,45.0,46.0,47.0,48.0,49.0,50.0,51.0,52.0,53.0,54.0,55.0,56.0,57.0,58.0,59.0,60.0,61.0,62.0,63.0,64.0,65.0,66.0"},{"name":"FACE_TRACKER_VERSION","value":12},{"name":"segmentation","value":"segmentation_enabled"},{"name":"COMPRESSION","value":"ETC2_COMPRESSION"},{"name":"world_tracker","value":"world_tracker_enabled"},{"name":"gyroscope","value":"gyroscope_enabled"}],"language":"en_US","timezoneOffset":"-10800","radioType":"wifi-none","capabilitiesHeader":"3brTv10=","connectionTypeHeader":"WIFI","isLayoutRTL":false,"adsOptOut":false,"thumbnailCacheBustingValue":1000,"clientSessionIdLifetime":1200000,"pigeonSessionIdLifetime":1200000,"deviceString":"26/8.0.0; 480dpi; 1080x2038; HUAWEI/HONOR; BND-L21; HWBND-H; hi6250","deviceId":"android-9fd5e2965138fa20","uuid":"ebae3a47-7bf7-5a08-bb09-34560800196e","phoneId":"1b8cc66b-ff8d-5e2c-9642-7d349bfcc29f","adid":"a46c1cc0-0f44-506d-8729-5c9826927fd8","build":"N2G48C","passwordEncryptionKeyId":"110","passwordEncryptionPubKey":"LS0tLS1CRUdJTiBQVUJMSUMgS0VZLS0tLS0KTUlJQklqQU5CZ2txaGtpRzl3MEJBUUVGQUFPQ0FROEFNSUlCQ2dLQ0FRRUF4Z3F2NHBhbHkzN1VjOVhKeFBDOQpMMGZOYnFMTGF4M0k0blZiQWNXSkNta1BhS25wdmdvY1BGZVFTUVB6WEFYRzVmam4zQXhSZDRyS0MwSUpGRHlqCmFQdlRVaXNiNGM4THpLVElXdEFNS3BLYnZzVHduUjVjTE0xN1hvYlE5NTFxVGl2REFMUzc4b21wV050dVFrTGEKKzJjNVBGSTRpR1VVSXdha3M5bUpwRVB4M1M3OVoxVUpCQTlhSGxrQnBBWXpaRTVpb3dZZG1NRzEzTFlMMENvWgp6RUxFcGpCZkhBbC9RWCtwaE5MMlBWR2VXN0FhK3lkOUhFajJiR3I1MFZMaDhPZUpuRXE4OHRWTUh1VVRSVjlqCjFUQ3lEMENvbWFoR1J0cmdOdjlhKzFOQUFZcnZyMno2Wnh2SjJMSnNXeDlLVG5pei9mSmJaMU5OalJZWEhvNGYKa1FJREFRQUIKLS0tLS1FTkQgUFVCTElDIEtFWS0tLS0tCg==","igWWWClaim":"hmac.AR3_hXp1zwWHVoKHsrD7018uf4V8CLm4SLZ6gRfPZPVrz3bH","authorization":"Bearer IGT:2:eyJkc191c2VyX2lkIjoiNjM2OTU0MTY2MjMiLCJzZXNzaW9uaWQiOiI2MzY5NTQxNjYyMyUzQTFIZXlwejhvdmNXdnB1JTNBMjIlM0FBWWVuMGlQSV9xX1JQVVdKeUR6WTNrenpvejFxRUVfUDBScm9IUUl0TGcifQ=="}',
      username: 'companystreet58',
      _id: new ObjectId('67e09bd298ee5fd1134ad2e2')
    }
  ],
  preferences: {
    useLargerIntervals: false,
    notificationsEnabled: false,
    useDefaultQuants: true,
    sendDefault: 1,
    sendLimit: 10,
    attemptLimit: 5,
    _id: new ObjectId('67dd4c62a43d620ced89844b')
  },
  __v: 67,
  connectionUrl: 'https://d588-2804-90-6400-81f4-ede9-dc15-7430-3e3d.ngrok-free.app'
} {
  _id: new ObjectId('67dd4c62a43d620ced89844a'),
  username: 'gagaProd',
  userImage: undefined,
  instaAccounts: [
    {
      username: 'fiora_ofc',
      password: '%%webner23Webner%%',
      _id: new ObjectId('67dda552c6286254619fb0a6')
    },
    {
      username: 'companystreet58',
      password: '**garrafa0101Garrafa**',
      _id: new ObjectId('67e09bd298ee5fd1134ad2e0')
    }
  ]
}
Resposta do servidor localhost 5500: { message: 'Conexão da API local salva com sucesso!' }
gagaProd 12345
gagaProd 12345
gagaProd 12345
gagaProd 12345
gagaProd 12345
gagaProd 12345
MULTERMIDIA
Servidor rodando na porta 6890
Conectado ao MongoDB!
gagaProd 12345
ngrok túnel aberto em: https://4bb2-2804-90-6400-81f4-ede9-dc15-7430-3e3d.ngrok-free.app
{
  _id: new ObjectId('67dd4c62a43d620ced89844a'),
  username: 'gagaProd',
  email: 'gabrileao38@gmail.com',
  password: '$2a$10$DieGWhzB0dikwPc0GFwCdeAT91pcS2U8HgN5hOmjE3XaFpC0Ex0/W',
  confirmPassword: '$2a$10$.sF7hvmDzGMkGllw5Ii2m.pb.D7Hr5N0YWt5ddbZz8lJt2i8sFOjO',
  loogedFirstTime: false,
  role: 1,
  instaAccounts: [
    {
      username: 'fiora_ofc',
      password: '%%webner23Webner%%',
      _id: new ObjectId('67dda552c6286254619fb0a6')
    },
    {
      username: 'companystreet58',
      password: '**garrafa0101Garrafa**',
      _id: new ObjectId('67e09bd298ee5fd1134ad2e0')
    }
  ],
  sessions: [
    {
      session: '{"cookies":"{\\"version\\":\\"tough-cookie@2.5.0\\",\\"storeType\\":\\"MemoryCookieStore\\",\\"rejectPublicSuffixes\\":true,\\"cookies\\":[]}","supportedCapabilities":[{"name":"SUPPORTED_SDK_VERSIONS","value":"13.0,14.0,15.0,16.0,17.0,18.0,19.0,20.0,21.0,22.0,23.0,24.0,25.0,26.0,27.0,28.0,29.0,30.0,31.0,32.0,33.0,34.0,35.0,36.0,37.0,38.0,39.0,40.0,41.0,42.0,43.0,44.0,45.0,46.0,47.0,48.0,49.0,50.0,51.0,52.0,53.0,54.0,55.0,56.0,57.0,58.0,59.0,60.0,61.0,62.0,63.0,64.0,65.0,66.0"},{"name":"FACE_TRACKER_VERSION","value":12},{"name":"segmentation","value":"segmentation_enabled"},{"name":"COMPRESSION","value":"ETC2_COMPRESSION"},{"name":"world_tracker","value":"world_tracker_enabled"},{"name":"gyroscope","value":"gyroscope_enabled"}],"language":"en_US","timezoneOffset":"-10800","radioType":"wifi-none","capabilitiesHeader":"3brTv10=","connectionTypeHeader":"WIFI","isLayoutRTL":false,"adsOptOut":false,"thumbnailCacheBustingValue":1000,"clientSessionIdLifetime":1200000,"pigeonSessionIdLifetime":1200000,"deviceString":"26/8.0.0; 480dpi; 1080x2038; HUAWEI/HONOR; BND-L21; HWBND-H; hi6250","deviceId":"android-9fd5e2965138fa20","uuid":"ebae3a47-7bf7-5a08-bb09-34560800196e","phoneId":"1b8cc66b-ff8d-5e2c-9642-7d349bfcc29f","adid":"a46c1cc0-0f44-506d-8729-5c9826927fd8","build":"N2G48C","passwordEncryptionKeyId":"108","passwordEncryptionPubKey":"LS0tLS1CRUdJTiBQVUJMSUMgS0VZLS0tLS0KTUlJQklqQU5CZ2txaGtpRzl3MEJBUUVGQUFPQ0FROEFNSUlCQ2dLQ0FRRUF3VjNjdXdPUlY4Ri9ueEZGTStETwp2SGJmRzJKaVN6MForN0ZmcGZuaGNvY3A0WCtwc1plRHl0Z2Z3d3V2NHl6ZUxVRm15QlNQdEdTd1V5Zm93RkgwClRBN3ozZkYyU1V3RDZZWVNlOGprZ09tTzU4czEzQitvR3ZuOFlwVGFXY240R3N6Vk5SV2xubzZ6bjNqa3hnTGYKbTZqUmhqQTAzaXJoQmhhczJpN0RjNW81MXFJZTh0cmo0alZLbzVzSVh4aWtKalk2V2dhbzRPeHBUMis4ekNGaAppMS9Lby9GOGQyeHRuN2dxTXlSQzVaakhheTNIZlE3c0hUTlZjYXhUWlhlRlpMbWVxMXJqR2xOTFB4OTV4MlRWCkRoY0tXODdtWFhwc3ptbVh1NGc1VG5KbXJtSU1wMVpYVUs4VFJ5RW9BdnhBellQQjloWW16R252SmFzanhzdlYKMVFJREFRQUIKLS0tLS1FTkQgUFVCTElDIEtFWS0tLS0tCg==","igWWWClaim":"hmac.AR0Y3BW2oFUvw3qyb9VD-oyreGOk4CUfBnftvLYf_9ywrsf2","authorization":"Bearer IGT:2:eyJkc191c2VyX2lkIjoiMjkyMjUxMzA2NzAiLCJzZXNzaW9uaWQiOiIyOTIyNTEzMDY3MCUzQWI2OGNWcnJaR0c1QXREJTNBMTglM0FBWWNqMnJmX05Ed2tybUdBdW1Ta0JZWXZPRktqQ0NDQnFsY2h3RGI1U1EifQ=="}',
      username: 'fiora_ofc',
      _id: new ObjectId('67dda552c6286254619fb0a8')
    },
    {
      session: '{"cookies":"{\\"version\\":\\"tough-cookie@2.5.0\\",\\"storeType\\":\\"MemoryCookieStore\\",\\"rejectPublicSuffixes\\":true,\\"cookies\\":[]}","supportedCapabilities":[{"name":"SUPPORTED_SDK_VERSIONS","value":"13.0,14.0,15.0,16.0,17.0,18.0,19.0,20.0,21.0,22.0,23.0,24.0,25.0,26.0,27.0,28.0,29.0,30.0,31.0,32.0,33.0,34.0,35.0,36.0,37.0,38.0,39.0,40.0,41.0,42.0,43.0,44.0,45.0,46.0,47.0,48.0,49.0,50.0,51.0,52.0,53.0,54.0,55.0,56.0,57.0,58.0,59.0,60.0,61.0,62.0,63.0,64.0,65.0,66.0"},{"name":"FACE_TRACKER_VERSION","value":12},{"name":"segmentation","value":"segmentation_enabled"},{"name":"COMPRESSION","value":"ETC2_COMPRESSION"},{"name":"world_tracker","value":"world_tracker_enabled"},{"name":"gyroscope","value":"gyroscope_enabled"}],"language":"en_US","timezoneOffset":"-10800","radioType":"wifi-none","capabilitiesHeader":"3brTv10=","connectionTypeHeader":"WIFI","isLayoutRTL":false,"adsOptOut":false,"thumbnailCacheBustingValue":1000,"clientSessionIdLifetime":1200000,"pigeonSessionIdLifetime":1200000,"deviceString":"26/8.0.0; 480dpi; 1080x2038; HUAWEI/HONOR; BND-L21; HWBND-H; hi6250","deviceId":"android-9fd5e2965138fa20","uuid":"ebae3a47-7bf7-5a08-bb09-34560800196e","phoneId":"1b8cc66b-ff8d-5e2c-9642-7d349bfcc29f","adid":"a46c1cc0-0f44-506d-8729-5c9826927fd8","build":"N2G48C","passwordEncryptionKeyId":"110","passwordEncryptionPubKey":"LS0tLS1CRUdJTiBQVUJMSUMgS0VZLS0tLS0KTUlJQklqQU5CZ2txaGtpRzl3MEJBUUVGQUFPQ0FROEFNSUlCQ2dLQ0FRRUF4Z3F2NHBhbHkzN1VjOVhKeFBDOQpMMGZOYnFMTGF4M0k0blZiQWNXSkNta1BhS25wdmdvY1BGZVFTUVB6WEFYRzVmam4zQXhSZDRyS0MwSUpGRHlqCmFQdlRVaXNiNGM4THpLVElXdEFNS3BLYnZzVHduUjVjTE0xN1hvYlE5NTFxVGl2REFMUzc4b21wV050dVFrTGEKKzJjNVBGSTRpR1VVSXdha3M5bUpwRVB4M1M3OVoxVUpCQTlhSGxrQnBBWXpaRTVpb3dZZG1NRzEzTFlMMENvWgp6RUxFcGpCZkhBbC9RWCtwaE5MMlBWR2VXN0FhK3lkOUhFajJiR3I1MFZMaDhPZUpuRXE4OHRWTUh1VVRSVjlqCjFUQ3lEMENvbWFoR1J0cmdOdjlhKzFOQUFZcnZyMno2Wnh2SjJMSnNXeDlLVG5pei9mSmJaMU5OalJZWEhvNGYKa1FJREFRQUIKLS0tLS1FTkQgUFVCTElDIEtFWS0tLS0tCg==","igWWWClaim":"hmac.AR3_hXp1zwWHVoKHsrD7018uf4V8CLm4SLZ6gRfPZPVrz3bH","authorization":"Bearer IGT:2:eyJkc191c2VyX2lkIjoiNjM2OTU0MTY2MjMiLCJzZXNzaW9uaWQiOiI2MzY5NTQxNjYyMyUzQTFIZXlwejhvdmNXdnB1JTNBMjIlM0FBWWVuMGlQSV9xX1JQVVdKeUR6WTNrenpvejFxRUVfUDBScm9IUUl0TGcifQ=="}',
      username: 'companystreet58',
      _id: new ObjectId('67e09bd298ee5fd1134ad2e2')
    }
  ],
  preferences: {
    useLargerIntervals: false,
    notificationsEnabled: false,
    useDefaultQuants: true,
    sendDefault: 1,
    sendLimit: 10,
    attemptLimit: 5,
    _id: new ObjectId('67dd4c62a43d620ced89844b')
  },
  __v: 67,
  connectionUrl: 'https://5b8f-2804-90-6400-81f4-ede9-dc15-7430-3e3d.ngrok-free.app'
} {
  _id: new ObjectId('67dd4c62a43d620ced89844a'),
  username: 'gagaProd',
  userImage: undefined,
  instaAccounts: [
    {
      username: 'fiora_ofc',
      password: '%%webner23Webner%%',
      _id: new ObjectId('67dda552c6286254619fb0a6')
    },
    {
      username: 'companystreet58',
      password: '**garrafa0101Garrafa**',
      _id: new ObjectId('67e09bd298ee5fd1134ad2e0')
    }
  ]
}
Resposta do servidor localhost 5500: { message: 'Conexão da API local salva com sucesso!' }
Sessão carregada para o usuário companystreet58
Usuários divididos em 1 lotes de até 2 usuários.
usernames [ 'zebpowelll' ]
Processando lote...
TESTESESSION, linha 19:  zebpowelll
Seguindo usuário zebpowelll (ID: 336252472) - Resposta: [Object: null prototype] {
  blocking: false,
  followed_by: false,
  following: true,
  incoming_request: false,
  is_bestie: false,
  is_eligible_to_subscribe: false,
  is_feed_favorite: false,
  is_restricted: false,
  outgoing_request: false,
  subscribed: false,
  is_private: false,
  muting: false
}
Todos os lotes foram processados com sucesso.
Sessão carregada para o usuário companystreet58
Buscando publicações dos usuários: CR7
ERRO NA AÇÃO DO SERVIÇO:  User with exact username not found.
Curtidas em comentários concluídas.
Sessão carregada para o usuário fiora_ofc
Buscando publicações dos usuários: CR7
ERRO NA AÇÃO DO SERVIÇO:  User with exact username not found.
Curtidas em comentários concluídas.
Sessão carregada para o usuário fiora_ofc
Buscando publicações dos usuários: CR7
ERRO NA AÇÃO DO SERVIÇO:  User with exact username not found.
Curtidas em comentários concluídas.
Sessão carregada para o usuário fiora_ofc
Buscando publicações para a hashtag: CR7
Buscando comentários na publicação: 3594986601929297919_69476711503, e code: DHj9UR0SM__
Curtidas em comentários concluídas.
Sessão carregada para o usuário companystreet58
Usuários divididos em 1 lotes de até 2 usuários.
usernames [ 'zebpowelll' ]
Processando lote...
TESTESESSION, linha 19:  zebpowelll
Seguindo usuário zebpowelll (ID: 336252472) - Resposta: [Object: null prototype] {
  blocking: false,
  followed_by: false,
  following: true,
  incoming_request: false,
  is_bestie: false,
  is_eligible_to_subscribe: false,
  is_feed_favorite: false,
  is_restricted: false,
  outgoing_request: false,
  subscribed: false,
  is_private: false,
  muting: false
}
Todos os lotes foram processados com sucesso.
Sessão carregada para o usuário companystreet58
Usuários divididos em 1 lotes de até 2 usuários.
usernames [ 'zebpowelll' ]
Processando lote...
TESTESESSION, linha 19:  zebpowelll
Seguindo usuário zebpowelll (ID: 336252472) - Resposta: [Object: null prototype] {
  blocking: false,
  followed_by: false,
  following: true,
  incoming_request: false,
  is_bestie: false,
  is_eligible_to_subscribe: false,
  is_feed_favorite: false,
  is_restricted: false,
  outgoing_request: false,
  subscribed: false,
  is_private: false,
  muting: false
}
Todos os lotes foram processados com sucesso.
Sessão carregada para o usuário fiora_ofc
Usuários divididos em 1 lotes de até 2 usuários.
Processando lote...
Deixando de seguir usuário zebpowelll (ID: 336252472) - Resposta: [Object: null prototype] {
  blocking: false,
  followed_by: false,
  following: false,
  incoming_request: false,
  is_bestie: false,
  is_eligible_to_subscribe: false,
  is_feed_favorite: false,
  is_restricted: false,
  outgoing_request: false,
  subscribed: false,
  is_private: false,
  muting: false
}
Todos os lotes foram processados com sucesso.
Sessão carregada para o usuário companystreet58
Usuários divididos em 1 lotes de até 2 usuários.
Processando lote...
Deixando de seguir usuário zebpowelll (ID: 336252472) - Resposta: [Object: null prototype] {
  blocking: false,
  followed_by: false,
  following: false,
  incoming_request: false,
  is_bestie: false,
  is_eligible_to_subscribe: false,
  is_feed_favorite: false,
  is_restricted: false,
  outgoing_request: false,
  subscribed: false,
  is_private: false,
  muting: false
}
Todos os lotes foram processados com sucesso.
Sessão carregada para o usuário fiora_ofc
Buscando publicações para a hashtag: CR7
Buscando comentários na publicação: 3595008248749333632_57814278475, e code: DHkCPR_TZyA
Curtidas em comentários concluídas.
Sessão carregada para o usuário companystreet58
Buscando publicações para a hashtag: CR7
Buscando comentários na publicação: 3595008248749333632_57814278475, e code: DHkCPR_TZyA
Curtidas em comentários concluídas.
